<?xml version="1.0" encoding="UTF-8"?>
<!-- Generated by org.testng.reporters.JUnitReportReporter -->
<testsuite hostname="Sahils-Air.attlocal.net" failures="0" tests="1" name="com.w2a.TestCases.BankManagerLoginTest" time="4.842" errors="0" timestamp="04 Mar 2019 18:43:50 GMT" skipped="0">
  <testcase classname="com.w2a.TestCases.BankManagerLoginTest" name="BankManagerLogin" time="4.842"/>
</testsuite> <!-- com.w2a.TestCases.BankManagerLoginTest -->
