<?xml version="1.0" encoding="UTF-8"?>
<!-- Generated by org.testng.reporters.JUnitReportReporter -->
<testsuite hostname="Sahils-Air.attlocal.net" failures="0" tests="2" name="com.w2a.TestCases.AddCustomerTest" time="12.937" errors="0" timestamp="04 Mar 2019 18:43:50 GMT" skipped="0">
  <testcase classname="com.w2a.TestCases.AddCustomerTest" name="addCustomer" time="6.568"/>
  <testcase classname="com.w2a.TestCases.AddCustomerTest" name="addCustomer" time="6.369"/>
</testsuite> <!-- com.w2a.TestCases.AddCustomerTest -->
